
> @service/api@0.0.12 build /home/joe/repos/connect-fastify-errors/packages/@service/api
> unbuild

ℹ Building @service/api
"@dopt/const" is imported by "src/index.ts", but could not be resolved – treating it as an external dependency.
"@dopt/service-fastify-plugins" is imported by "src/index.ts", but could not be resolved – treating it as an external dependency.
Error building /home/joe/repos/connect-fastify-errors/packages/@service/api: RollupError: "ApiGatewayService" is not exported by "../definition/dist/index.mjs", imported by "src/connect.ts".
Error [RollupError]: "ApiGatewayService" is not exported by "../definition/dist/index.mjs", imported by "src/connect.ts".
    at error (file:///home/joe/repos/connect-fastify-errors/node_modules/.pnpm/rollup@3.27.0/node_modules/rollup/dist/es/shared/node-entry.js:2245:30)
    at Module.error (file:///home/joe/repos/connect-fastify-errors/node_modules/.pnpm/rollup@3.27.0/node_modules/rollup/dist/es/shared/node-entry.js:13604:16)
    at Module.traceVariable (file:///home/joe/repos/connect-fastify-errors/node_modules/.pnpm/rollup@3.27.0/node_modules/rollup/dist/es/shared/node-entry.js:14029:29)
    at ModuleScope.findVariable (file:///home/joe/repos/connect-fastify-errors/node_modules/.pnpm/rollup@3.27.0/node_modules/rollup/dist/es/shared/node-entry.js:12547:39)
    at ReturnValueScope.findVariable (file:///home/joe/repos/connect-fastify-errors/node_modules/.pnpm/rollup@3.27.0/node_modules/rollup/dist/es/shared/node-entry.js:7082:38)
    at ChildScope.findVariable (file:///home/joe/repos/connect-fastify-errors/node_modules/.pnpm/rollup@3.27.0/node_modules/rollup/dist/es/shared/node-entry.js:7082:38)
    at Identifier.bind (file:///home/joe/repos/connect-fastify-errors/node_modules/.pnpm/rollup@3.27.0/node_modules/rollup/dist/es/shared/node-entry.js:8267:40)
    at CallExpression.bind (file:///home/joe/repos/connect-fastify-errors/node_modules/.pnpm/rollup@3.27.0/node_modules/rollup/dist/es/shared/node-entry.js:5846:28)
    at CallExpression.bind (file:///home/joe/repos/connect-fastify-errors/node_modules/.pnpm/rollup@3.27.0/node_modules/rollup/dist/es/shared/node-entry.js:9833:15)
    at ExpressionStatement.bind (file:///home/joe/repos/connect-fastify-errors/node_modules/.pnpm/rollup@3.27.0/node_modules/rollup/dist/es/shared/node-entry.js:5850:23) {
  binding: 'ApiGatewayService',
  code: 'MISSING_EXPORT',
  exporter: '/home/joe/repos/connect-fastify-errors/packages/@service/definition/dist/index.mjs',
  id: '/home/joe/repos/connect-fastify-errors/packages/@service/api/src/connect.ts',
  url: 'https://rollupjs.org/troubleshooting/#error-name-is-not-exported-by-module',
  pos: 66,
  loc: {
    column: 66,
    file: '/home/joe/repos/connect-fastify-errors/packages/@service/api/src/connect.ts',
    line: 1
  },
  frame: "1: import { Code, ConnectError, ConnectRouter } from '@bufbuild/connect';\n" +
    '                                                                     ^\n' +
    '2: import {\n' +
    '3:   ApiGatewayService,',
  watchFiles: [
    '/home/joe/repos/connect-fastify-errors/packages/@service/api/src/index.ts',
    '/home/joe/repos/connect-fastify-errors/packages/@service/api/src/connect.ts',
    '/home/joe/repos/connect-fastify-errors/packages/@service/definition/dist/index.mjs'
  ]
}
 ELIFECYCLE  Command failed with exit code 1.
